<?xml version="1.0" encoding="UTF-8"?>
<testsuite name="com.visitsg.api.userprofilesurvey.getAllQuestions" tests="2" skipped="0" failures="0" errors="0" timestamp="2024-01-22T10:19:00" hostname="r-lankipa-fp94k" time="0.956">
  <properties/>
  <testcase name="testSubmitResponse" classname="com.visitsg.api.userprofilesurvey.getAllQuestions" time="0.745"/>
  <testcase name="testGetAllQuestions" classname="com.visitsg.api.userprofilesurvey.getAllQuestions" time="0.21"/>
  <system-out><![CDATA[]]></system-out>
  <system-err><![CDATA[]]></system-err>
</testsuite>
