<?xml version="1.0" encoding="UTF-8"?>
<testsuite name="com.visitsg.api.userprofilesurvey.getAllQuestions" tests="2" skipped="0" failures="0" errors="0" timestamp="2024-01-19T10:47:13" hostname="r-lankipa-fp94k" time="3.879">
  <properties/>
  <testcase name="testGetAllQuestions" classname="com.visitsg.api.userprofilesurvey.getAllQuestions" time="2.411"/>
  <testcase name="testUpdateCompanyCommand" classname="com.visitsg.api.userprofilesurvey.getAllQuestions" time="1.468"/>
  <system-out><![CDATA[]]></system-out>
  <system-err><![CDATA[]]></system-err>
</testsuite>
