<?xml version="1.0" encoding="UTF-8"?>
<testsuite name="com.visitsg.api.userprofilesurvey.getAllQuestions" tests="1" skipped="0" failures="0" errors="0" timestamp="2024-01-18T11:26:49" hostname="r-lankipa-fp94k" time="0.938">
  <properties/>
  <testcase name="testGetAllQuestions" classname="com.visitsg.api.userprofilesurvey.getAllQuestions" time="0.938"/>
  <system-out><![CDATA[]]></system-out>
  <system-err><![CDATA[]]></system-err>
</testsuite>
